  Enemy.cpp
C:\Users\DS\Desktop\progect\Diplom\Diplom\Diplom\Storage.h(17,31): warning C4244: аргумент: преобразование "int" в "T", возможна потеря данных
          with
          [
              T=float
          ]
C:\Users\DS\Desktop\progect\Diplom\Diplom\Diplom\Storage.h(17,27): warning C4244: аргумент: преобразование "int" в "T", возможна потеря данных
          with
          [
              T=float
          ]
C:\Users\DS\Desktop\progect\Diplom\Diplom\Diplom\Storage.h(33,43): warning C4390: ";": обнаружен пустой контролируемый оператор; это правильно?
C:\Users\DS\Desktop\progect\Diplom\Diplom\Diplom\Enemy.cpp(187,11): warning C4244: инициализация: преобразование "double" в "float", возможна потеря данных
C:\Users\DS\Desktop\progect\Diplom\Diplom\Diplom\Enemy.cpp(191,48): warning C4244: =: преобразование "double" в "float", возможна потеря данных
C:\Users\DS\Desktop\progect\Diplom\Diplom\Diplom\Entity.h(46,41): warning C4244: аргумент: преобразование "int" в "float", возможна потеря данных
C:\Users\DS\Desktop\progect\Diplom\Diplom\Diplom\MineObj.h(54): message : выполняется компиляция ссылки на экземпляр шаблон функции "void Entity::setPosition<int&,int&>(int &,int &)"
C:\Users\DS\Desktop\progect\Diplom\Diplom\Diplom\Entity.h(47,43): warning C4244: аргумент: преобразование "int" в "float", возможна потеря данных
  main.cpp
C:\Users\DS\Desktop\progect\Diplom\Diplom\Diplom\Storage.h(17,31): warning C4244: аргумент: преобразование "int" в "T", возможна потеря данных
          with
          [
              T=float
          ]
C:\Users\DS\Desktop\progect\Diplom\Diplom\Diplom\Storage.h(17,27): warning C4244: аргумент: преобразование "int" в "T", возможна потеря данных
          with
          [
              T=float
          ]
C:\Users\DS\Desktop\progect\Diplom\Diplom\Diplom\Storage.h(33,43): warning C4390: ";": обнаружен пустой контролируемый оператор; это правильно?
C:\Users\DS\Desktop\progect\Diplom\Diplom\Diplom\Entity.h(46,41): warning C4244: аргумент: преобразование "int" в "float", возможна потеря данных
C:\Users\DS\Desktop\progect\Diplom\Diplom\Diplom\MineObj.h(54): message : выполняется компиляция ссылки на экземпляр шаблон функции "void Entity::setPosition<int&,int&>(int &,int &)"
C:\Users\DS\Desktop\progect\Diplom\Diplom\Diplom\Entity.h(47,43): warning C4244: аргумент: преобразование "int" в "float", возможна потеря данных
  Создание кода...
  Diplom.vcxproj -> C:\Users\DS\Desktop\progect\Diplom\Diplom\Debug\Diplom.exe
